<?xml version="1.0" encoding="UTF-8"?>
<testng-results ignored="0" total="2" passed="2" failed="0" skipped="0">
  <reporter-output>
  </reporter-output>
  <suite started-at="2021-04-27T23:18:41 IST" name="Default suite" finished-at="2021-04-27T23:18:47 IST" duration-ms="6000">
    <groups>
    </groups>
    <test started-at="2021-04-27T23:18:41 IST" name="Default test" finished-at="2021-04-27T23:18:47 IST" duration-ms="6000">
      <class name="com.rmg.projecttest.GetAllProjects">
        <test-method signature="apitest()[pri:0, instance:com.rmg.projecttest.GetAllProjects@1fb700ee]" started-at="2021-04-27T23:18:47 IST" name="apitest" finished-at="2021-04-27T23:18:47 IST" duration-ms="91" status="PASS">
          <reporter-output>
          </reporter-output>
        </test-method> <!-- apitest -->
      </class> <!-- com.rmg.projecttest.GetAllProjects -->
      <class name="com.rmg.projecttest.GetSingleProject">
        <test-method signature="apitest()[pri:0, instance:com.rmg.projecttest.GetSingleProject@46fa7c39]" started-at="2021-04-27T23:18:41 IST" name="apitest" finished-at="2021-04-27T23:18:47 IST" duration-ms="5786" status="PASS">
          <reporter-output>
          </reporter-output>
        </test-method> <!-- apitest -->
      </class> <!-- com.rmg.projecttest.GetSingleProject -->
    </test> <!-- Default test -->
  </suite> <!-- Default suite -->
</testng-results>
